<?xml version="1.0" encoding="UTF-8"?>
<testng-results ignored="0" total="1" passed="1" failed="0" skipped="0">
  <reporter-output>
  </reporter-output>
  <suite started-at="2026-08-05T11:37:48 IST" name="loginsuite" finished-at="2026-08-05T11:38:19 IST" duration-ms="30747">
    <groups>
    </groups>
    <test started-at="2026-08-05T11:37:48 IST" name="logintest" finished-at="2026-08-05T11:38:19 IST" duration-ms="30747">
      <class name="test.logintest">
        <test-method is-config="true" signature="setup()[pri:0, instance:test.logintest@3349e9bb]" started-at="2026-08-05T11:37:48 IST" name="setup" finished-at="2026-08-05T11:37:57 IST" duration-ms="8771" status="PASS">
          <reporter-output>
          </reporter-output>
        </test-method> <!-- setup -->
        <test-method signature="validlogintest()[pri:0, instance:test.logintest@3349e9bb]" started-at="2026-08-05T11:37:57 IST" name="validlogintest" finished-at="2026-08-05T11:38:19 IST" duration-ms="21492" status="PASS">
          <reporter-output>
          </reporter-output>
        </test-method> <!-- validlogintest -->
        <test-method is-config="true" signature="teardown()[pri:0, instance:test.logintest@3349e9bb]" started-at="2026-08-05T11:38:19 IST" name="teardown" finished-at="2026-08-05T11:38:19 IST" duration-ms="405" status="PASS">
          <reporter-output>
          </reporter-output>
        </test-method> <!-- teardown -->
      </class> <!-- test.logintest -->
    </test> <!-- logintest -->
  </suite> <!-- loginsuite -->
</testng-results>
