<?xml version="1.0" encoding="UTF-8"?>
<!-- Generated by org.testng.reporters.JUnitXMLReporter -->
<testsuite ignored="0" hostname="VISHNUSAI" failures="1" tests="1" name="logintest" time="10.247" errors="0" timestamp="2026-08-06T17:05:48 IST">
  <testcase classname="test.logintest" name="validlogintest" time="1.334">
    <failure type="java.lang.AssertionError" message="expected [Just a moment...] but found [nopCommerce demo store. Login]">
      <![CDATA[java.lang.AssertionError: expected [Just a moment...] but found [nopCommerce demo store. Login]
at test.logintest.validlogintest(logintest.java:71)
at java.base/java.util.ArrayList.forEach(ArrayList.java:1596)
... Removed 31 stack frames]]>
    </failure>
  </testcase> <!-- validlogintest -->
</testsuite> <!-- logintest -->
