<?xml version="1.0" encoding="UTF-8"?>
<!-- Generated by org.testng.reporters.JUnitXMLReporter -->
<testsuite ignored="0" hostname="VISHNUSAI" failures="1" tests="1" name="lointest" time="0.075" errors="0" timestamp="2026-08-06T16:55:18 IST">
  <testcase classname="test.logintest" name="validlogintest" time="0.0">
    <failure type="org.testng.TestNGException" message="
Method public void test.logintest.validlogintest(java.lang.String,java.lang.String) requires a @DataProvider named : login test1">
      <![CDATA[org.testng.TestNGException: 
Method public void test.logintest.validlogintest(java.lang.String,java.lang.String) requires a @DataProvider named : login test1
at java.base/java.util.ArrayList.forEach(ArrayList.java:1596)
... Removed 24 stack frames]]>
    </failure>
  </testcase> <!-- validlogintest -->
</testsuite> <!-- lointest -->
